<?xml version="1.0" encoding="utf-8" standalone="no"?>
<!--This file represents the results of running a test suite-->
<test-results name="C:\Users\MazenDK\Desktop\Crawler\CrawlerTest\bin\Debug\CrawlerTest.dll" total="1" errors="1" failures="0" not-run="0" inconclusive="0" ignored="0" skipped="0" invalid="0" date="2015-09-11" time="12:26:58">
  <environment nunit-version="2.6.4.14350" clr-version="4.0.30319.34014" os-version="Microsoft Windows NT 6.2.9200.0" platform="Win32NT" cwd="C:\Users\MazenDK\Desktop\Crawler\CrawlerTest\bin\Debug" machine-name="MAZEN" user="MazenDK" user-domain="Mazen" />
  <culture-info current-culture="fr-FR" current-uiculture="fr-FR" />
  <test-suite type="Assembly" name="C:\Users\MazenDK\Desktop\Crawler\CrawlerTest\bin\Debug\CrawlerTest.dll" executed="True" result="Failure" success="False" time="167.671" asserts="0">
    <results>
      <test-suite type="Namespace" name="UltimateCrawlerTest" executed="True" result="Failure" success="False" time="167.644" asserts="0">
        <results>
          <test-suite type="TestFixture" name="CrawlerTest" executed="True" result="Failure" success="False" time="167.641" asserts="0">
            <results>
              <test-case name="UltimateCrawlerTest.CrawlerTest.New_Crawler" executed="True" result="Error" success="False" time="167.620" asserts="3">
                <failure>
                  <message><![CDATA[System.NullReferenceException : La référence d'objet n'est pas définie à une instance d'un objet.]]></message>
                  <stack-trace><![CDATA[à UltimateCrawler.Crawler.RunCrawler() dans c:\Users\MazenDK\Desktop\Crawler\Crawler\Models\Crawler.cs:ligne 98
à UltimateCrawlerTest.CrawlerTest.New_Crawler() dans c:\Users\MazenDK\Desktop\Crawler\CrawlerTest\Models_Tests\CrawlerTest.cs:ligne 39
]]></stack-trace>
                </failure>
              </test-case>
            </results>
          </test-suite>
        </results>
      </test-suite>
    </results>
  </test-suite>
</test-results>