<?xml version="1.0" encoding="utf-8" standalone="no"?>
<!--This file represents the results of running a test suite-->
<test-results name="C:\Users\MazenDK\Desktop\Crawler\CrawlerTest\bin\Debug\CrawlerTest.dll" total="1" errors="1" failures="0" not-run="0" inconclusive="0" ignored="0" skipped="0" invalid="0" date="2015-09-11" time="16:18:46">
  <environment nunit-version="2.6.4.14350" clr-version="4.0.30319.34014" os-version="Microsoft Windows NT 6.2.9200.0" platform="Win32NT" cwd="C:\Users\MazenDK\Desktop\Crawler\CrawlerTest\bin\Debug" machine-name="MAZEN" user="MazenDK" user-domain="Mazen" />
  <culture-info current-culture="fr-FR" current-uiculture="fr-FR" />
  <test-suite type="Assembly" name="C:\Users\MazenDK\Desktop\Crawler\CrawlerTest\bin\Debug\CrawlerTest.dll" executed="False" result="Cancelled">
    <results>
      <test-suite type="Namespace" name="UltimateCrawlerTest" executed="False" result="Cancelled">
        <results>
          <test-suite type="TestFixture" name="CrawlerTest" executed="False" result="Cancelled">
            <results>
              <test-case name="UltimateCrawlerTest.CrawlerTest.New_Crawler" executed="False" result="Cancelled">
                <failure>
                  <message><![CDATA[Test cancelled by user]]></message>
                  <stack-trace><![CDATA[à System.RuntimeMethodHandle.InvokeMethod(Object target, Object[] arguments, Signature sig, Boolean constructor)
à System.Reflection.RuntimeMethodInfo.UnsafeInvokeInternal(Object obj, Object[] parameters, Object[] arguments)
à System.Reflection.RuntimeMethodInfo.Invoke(Object obj, BindingFlags invokeAttr, Binder binder, Object[] parameters, CultureInfo culture)
à System.Reflection.MethodBase.Invoke(Object obj, Object[] parameters)
à NUnit.Core.Reflect.InvokeMethod(MethodInfo method, Object fixture, Object[] args)
à NUnit.Core.TestMethod.RunTestMethod()
à NUnit.Core.TestMethod.RunTestCase(TestResult testResult)
]]></stack-trace>
                </failure>
              </test-case>
            </results>
          </test-suite>
        </results>
      </test-suite>
    </results>
  </test-suite>
</test-results>